This file contains any messages produced by compilers while
running configure, to aid debugging if configure makes a mistake.

It was created by HarfBuzz configure 0.9.14, which was
generated by GNU Autoconf 2.69.  Invocation command line was

  $ ./configure 

## --------- ##
## Platform. ##
## --------- ##

hostname = gowrishg-2.local
uname -m = x86_64
uname -r = 12.3.0
uname -s = Darwin
uname -v = Darwin Kernel Version 12.3.0: Sun Jan  6 22:37:10 PST 2013; root:xnu-2050.22.13~1/RELEASE_X86_64

/usr/bin/uname -p = i386
/bin/uname -X     = unknown

/bin/arch              = unknown
/usr/bin/arch -k       = unknown
/usr/convex/getsysinfo = unknown
/usr/bin/hostinfo      = Mach kernel version:
	 Darwin Kernel Version 12.3.0: Sun Jan  6 22:37:10 PST 2013; root:xnu-2050.22.13~1/RELEASE_X86_64
Kernel configured for up to 4 processors.
2 processors are physically available.
4 processors are logically available.
Processor type: i486 (Intel 80486)
Processors active: 0 1 2 3
Primary memory available: 4.00 gigabytes
Default processor set: 206 tasks, 1194 threads, 4 processors
Load average: 1.82, Mach factor: 2.18
/bin/machine           = unknown
/usr/bin/oslevel       = unknown
/bin/universe          = unknown

PATH: /usr/local/rvm/gems/ruby-1.9.3-p286/bin
PATH: /usr/local/rvm/gems/ruby-1.9.3-p286@global/bin
PATH: /usr/local/rvm/rubies/ruby-1.9.3-p286/bin
PATH: /usr/local/rvm/bin
PATH: /usr/local/bin
PATH: /usr/local/sbin
PATH: /usr/bin
PATH: /bin
PATH: /usr/sbin
PATH: /sbin
PATH: /usr/local/git/bin
PATH: /Users/gowrishg/Development/android/android-ndk-r8b
PATH: /Users/gowrishg/Development/android/android-sdk-macosx/tools
PATH: /Users/gowrishg/Development/android/android-sdk-macosx/platform-tools
PATH: /Applications/cov-analysis-macosx-6.5.2/bin


## ----------- ##
## Core tests. ##
## ----------- ##

configure:2555: checking for a BSD-compatible install
configure:2623: result: /usr/bin/install -c
configure:2634: checking whether build environment is sane
configure:2689: result: yes
configure:2840: checking for a thread-safe mkdir -p
configure:2879: result: ./install-sh -c -d
configure:2886: checking for gawk
configure:2916: result: no
configure:2886: checking for mawk
configure:2916: result: no
configure:2886: checking for nawk
configure:2916: result: no
configure:2886: checking for awk
configure:2902: found /usr/bin/awk
configure:2913: result: awk
configure:2924: checking whether make sets $(MAKE)
configure:2946: result: yes
configure:2975: checking whether make supports nested variables
configure:2992: result: yes
configure:3073: checking whether make supports nested variables
configure:3090: result: yes
configure:3115: checking for style of include used by make
configure:3143: result: GNU
configure:3214: checking for gcc
configure:3230: found /usr/bin/gcc
configure:3241: result: gcc
configure:3470: checking for C compiler version
configure:3479: gcc --version >&5
i686-apple-darwin11-llvm-gcc-4.2 (GCC) 4.2.1 (Based on Apple Inc. build 5658) (LLVM build 2336.11.00)
Copyright (C) 2007 Free Software Foundation, Inc.
This is free software; see the source for copying conditions.  There is NO
warranty; not even for MERCHANTABILITY or FITNESS FOR A PARTICULAR PURPOSE.

configure:3490: $? = 0
configure:3479: gcc -v >&5
Using built-in specs.
Target: i686-apple-darwin11
Configured with: /private/var/tmp/llvmgcc42/llvmgcc42-2336.11~182/src/configure --disable-checking --enable-werror --prefix=/Applications/Xcode.app/Contents/Developer/usr/llvm-gcc-4.2 --mandir=/share/man --enable-languages=c,objc,c++,obj-c++ --program-prefix=llvm- --program-transform-name=/^[cg][^.-]*$/s/$/-4.2/ --with-slibdir=/usr/lib --build=i686-apple-darwin11 --enable-llvm=/private/var/tmp/llvmgcc42/llvmgcc42-2336.11~182/dst-llvmCore/Developer/usr/local --program-prefix=i686-apple-darwin11- --host=x86_64-apple-darwin11 --target=i686-apple-darwin11 --with-gxx-include-dir=/usr/include/c++/4.2.1
Thread model: posix
gcc version 4.2.1 (Based on Apple Inc. build 5658) (LLVM build 2336.11.00)
configure:3490: $? = 0
configure:3479: gcc -V >&5
llvm-gcc-4.2: argument to `-V' is missing
configure:3490: $? = 1
configure:3479: gcc -qversion >&5
i686-apple-darwin11-llvm-gcc-4.2: no input files
configure:3490: $? = 1
configure:3510: checking whether the C compiler works
configure:3532: gcc    conftest.c  >&5
configure:3536: $? = 0
configure:3584: result: yes
configure:3587: checking for C compiler default output file name
configure:3589: result: a.out
configure:3595: checking for suffix of executables
configure:3602: gcc -o conftest    conftest.c  >&5
configure:3606: $? = 0
configure:3628: result: 
configure:3650: checking whether we are cross compiling
configure:3658: gcc -o conftest    conftest.c  >&5
configure:3662: $? = 0
configure:3669: ./conftest
configure:3673: $? = 0
configure:3688: result: no
configure:3693: checking for suffix of object files
configure:3715: gcc -c   conftest.c >&5
configure:3719: $? = 0
configure:3740: result: o
configure:3744: checking whether we are using the GNU C compiler
configure:3763: gcc -c   conftest.c >&5
configure:3763: $? = 0
configure:3772: result: yes
configure:3781: checking whether gcc accepts -g
configure:3801: gcc -c -g  conftest.c >&5
configure:3801: $? = 0
configure:3842: result: yes
configure:3859: checking for gcc option to accept ISO C89
configure:3922: gcc  -c -g -O2  conftest.c >&5
configure:3922: $? = 0
configure:3935: result: none needed
configure:3957: checking dependency style of gcc
configure:4068: result: gcc3
configure:4133: checking for ar
configure:4149: found /usr/bin/ar
configure:4160: result: ar
configure:4186: checking the archiver (ar) interface
configure:4196: gcc -c -g -O2  conftest.c >&5
configure:4196: $? = 0
configure:4198: ar cru libconftest.a conftest.o >&5
configure:4201: $? = 0
configure:4224: result: ar
configure:4274: checking build system type
configure:4288: result: x86_64-apple-darwin12.3.0
configure:4308: checking host system type
configure:4321: result: x86_64-apple-darwin12.3.0
configure:4362: checking how to print strings
configure:4389: result: printf
configure:4410: checking for a sed that does not truncate output
configure:4474: result: /usr/bin/sed
configure:4492: checking for grep that handles long lines and -e
configure:4550: result: /usr/bin/grep
configure:4555: checking for egrep
configure:4617: result: /usr/bin/grep -E
configure:4622: checking for fgrep
configure:4684: result: /usr/bin/grep -F
configure:4719: checking for ld used by gcc
configure:4786: result: /usr/llvm-gcc-4.2/libexec/gcc/i686-apple-darwin11/4.2.1/ld
configure:4793: checking if the linker (/usr/llvm-gcc-4.2/libexec/gcc/i686-apple-darwin11/4.2.1/ld) is GNU ld
configure:4808: result: no
configure:4820: checking for BSD- or MS-compatible name lister (nm)
configure:4869: result: /usr/bin/nm
configure:4999: checking the name lister (/usr/bin/nm) interface
configure:5006: gcc -c -g -O2  conftest.c >&5
configure:5009: /usr/bin/nm "conftest.o"
configure:5012: output
00000000000001e8 S _some_variable
configure:5019: result: BSD nm
configure:5022: checking whether ln -s works
configure:5026: result: yes
configure:5034: checking the maximum length of command line arguments
configure:5164: result: 196608
configure:5181: checking whether the shell understands some XSI constructs
configure:5191: result: yes
configure:5195: checking whether the shell understands "+="
configure:5201: result: yes
configure:5236: checking how to convert x86_64-apple-darwin12.3.0 file names to x86_64-apple-darwin12.3.0 format
configure:5276: result: func_convert_file_noop
configure:5283: checking how to convert x86_64-apple-darwin12.3.0 file names to toolchain format
configure:5303: result: func_convert_file_noop
configure:5310: checking for /usr/llvm-gcc-4.2/libexec/gcc/i686-apple-darwin11/4.2.1/ld option to reload object files
configure:5317: result: -r
configure:5391: checking for objdump
configure:5421: result: no
configure:5450: checking how to recognize dependent libraries
configure:5652: result: pass_all
configure:5737: checking for dlltool
configure:5767: result: no
configure:5797: checking how to associate runtime and link libraries
configure:5824: result: printf %s\n
configure:5948: checking for archiver @FILE support
configure:5965: gcc -c -g -O2  conftest.c >&5
configure:5965: $? = 0
configure:5968: ar cru libconftest.a @conftest.lst >&5
ar: @conftest.lst: No such file or directory
configure:5971: $? = 1
configure:5991: result: no
configure:6049: checking for strip
configure:6065: found /usr/bin/strip
configure:6076: result: strip
configure:6148: checking for ranlib
configure:6164: found /usr/bin/ranlib
configure:6175: result: ranlib
configure:6277: checking command to parse /usr/bin/nm output from gcc object
configure:6397: gcc -c -g -O2  conftest.c >&5
configure:6400: $? = 0
configure:6404: /usr/bin/nm conftest.o \| sed -n -e 's/^.*[ ]\([BCDEGRST][BCDEGRST]*\)[ ][ ]*\([_A-Za-z][_A-Za-z0-9]*\)$/\1 \2 \2/p' | sed '/ __gnu_lto/d' \> conftest.nm
configure:6407: $? = 0
cannot find nm_test_var in conftest.nm
configure:6397: gcc -c -g -O2  conftest.c >&5
configure:6400: $? = 0
configure:6404: /usr/bin/nm conftest.o \| sed -n -e 's/^.*[ ]\([BCDEGRST][BCDEGRST]*\)[ ][ ]*_\([_A-Za-z][_A-Za-z0-9]*\)$/\1 _\2 \2/p' | sed '/ __gnu_lto/d' \> conftest.nm
configure:6407: $? = 0
configure:6473: gcc -o conftest -g -O2   conftest.c conftstm.o >&5
configure:6476: $? = 0
configure:6514: result: ok
configure:6551: checking for sysroot
configure:6581: result: no
configure:6837: checking for mt
configure:6867: result: no
configure:6887: checking if : is a manifest tool
configure:6893: : '-?'
configure:6901: result: no
configure:6957: checking for dsymutil
configure:6973: found /usr/bin/dsymutil
configure:6984: result: dsymutil
configure:7049: checking for nmedit
configure:7065: found /usr/bin/nmedit
configure:7076: result: nmedit
configure:7141: checking for lipo
configure:7157: found /usr/bin/lipo
configure:7168: result: lipo
configure:7233: checking for otool
configure:7249: found /usr/bin/otool
configure:7260: result: otool
configure:7325: checking for otool64
configure:7355: result: no
configure:7400: checking for -single_module linker flag
gcc -g -O2  -o libconftest.dylib -dynamiclib -Wl,-single_module conftest.c
configure:7433: result: yes
configure:7436: checking for -exported_symbols_list linker flag
configure:7456: gcc -o conftest -g -O2   -Wl,-exported_symbols_list,conftest.sym conftest.c  >&5
configure:7456: $? = 0
configure:7466: result: yes
configure:7469: checking for -force_load linker flag
gcc -g -O2 -c -o conftest.o conftest.c
ar cru libconftest.a conftest.o
ranlib libconftest.a
gcc -g -O2  -o conftest conftest.c -Wl,-force_load,./libconftest.a
configure:7501: result: yes
configure:7543: checking how to run the C preprocessor
configure:7574: gcc -E  conftest.c
configure:7574: $? = 0
configure:7588: gcc -E  conftest.c
conftest.c:9:28: error: ac_nonexistent.h: No such file or directory
configure:7588: $? = 1
configure: failed program was:
| /* confdefs.h */
| #define PACKAGE_NAME "HarfBuzz"
| #define PACKAGE_TARNAME "harfbuzz"
| #define PACKAGE_VERSION "0.9.14"
| #define PACKAGE_STRING "HarfBuzz 0.9.14"
| #define PACKAGE_BUGREPORT "http://bugs.freedesktop.org/enter_bug.cgi?product=harfbuzz"
| #define PACKAGE_URL "http://harfbuzz.org/"
| /* end confdefs.h.  */
| #include <ac_nonexistent.h>
configure:7613: result: gcc -E
configure:7633: gcc -E  conftest.c
configure:7633: $? = 0
configure:7647: gcc -E  conftest.c
conftest.c:9:28: error: ac_nonexistent.h: No such file or directory
configure:7647: $? = 1
configure: failed program was:
| /* confdefs.h */
| #define PACKAGE_NAME "HarfBuzz"
| #define PACKAGE_TARNAME "harfbuzz"
| #define PACKAGE_VERSION "0.9.14"
| #define PACKAGE_STRING "HarfBuzz 0.9.14"
| #define PACKAGE_BUGREPORT "http://bugs.freedesktop.org/enter_bug.cgi?product=harfbuzz"
| #define PACKAGE_URL "http://harfbuzz.org/"
| /* end confdefs.h.  */
| #include <ac_nonexistent.h>
configure:7676: checking for ANSI C header files
configure:7696: gcc -c -g -O2  conftest.c >&5
configure:7696: $? = 0
configure:7769: gcc -o conftest -g -O2   conftest.c  >&5
configure:7769: $? = 0
configure:7769: ./conftest
configure:7769: $? = 0
configure:7780: result: yes
configure:7793: checking for sys/types.h
configure:7793: gcc -c -g -O2  conftest.c >&5
configure:7793: $? = 0
configure:7793: result: yes
configure:7793: checking for sys/stat.h
configure:7793: gcc -c -g -O2  conftest.c >&5
configure:7793: $? = 0
configure:7793: result: yes
configure:7793: checking for stdlib.h
configure:7793: gcc -c -g -O2  conftest.c >&5
configure:7793: $? = 0
configure:7793: result: yes
configure:7793: checking for string.h
configure:7793: gcc -c -g -O2  conftest.c >&5
configure:7793: $? = 0
configure:7793: result: yes
configure:7793: checking for memory.h
configure:7793: gcc -c -g -O2  conftest.c >&5
configure:7793: $? = 0
configure:7793: result: yes
configure:7793: checking for strings.h
configure:7793: gcc -c -g -O2  conftest.c >&5
configure:7793: $? = 0
configure:7793: result: yes
configure:7793: checking for inttypes.h
configure:7793: gcc -c -g -O2  conftest.c >&5
configure:7793: $? = 0
configure:7793: result: yes
configure:7793: checking for stdint.h
configure:7793: gcc -c -g -O2  conftest.c >&5
configure:7793: $? = 0
configure:7793: result: yes
configure:7793: checking for unistd.h
configure:7793: gcc -c -g -O2  conftest.c >&5
configure:7793: $? = 0
configure:7793: result: yes
configure:7807: checking for dlfcn.h
configure:7807: gcc -c -g -O2  conftest.c >&5
configure:7807: $? = 0
configure:7807: result: yes
configure:8012: checking for objdir
configure:8027: result: .libs
configure:8298: checking if gcc supports -fno-rtti -fno-exceptions
configure:8316: gcc -c -g -O2  -fno-rtti -fno-exceptions conftest.c >&5
cc1: warning: command line option "-fno-rtti" is valid for C++/ObjC++ but not for C
configure:8320: $? = 0
configure:8333: result: no
configure:8660: checking for gcc option to produce PIC
configure:8667: result: -fno-common -DPIC
configure:8675: checking if gcc PIC flag -fno-common -DPIC works
configure:8693: gcc -c -g -O2  -fno-common -DPIC -DPIC conftest.c >&5
configure:8697: $? = 0
configure:8710: result: yes
configure:8739: checking if gcc static flag -static works
configure:8767: result: no
configure:8782: checking if gcc supports -c -o file.o
configure:8803: gcc -c -g -O2  -o out/conftest2.o conftest.c >&5
configure:8807: $? = 0
configure:8829: result: yes
configure:8837: checking if gcc supports -c -o file.o
configure:8884: result: yes
configure:8917: checking whether the gcc linker (/usr/llvm-gcc-4.2/libexec/gcc/i686-apple-darwin11/4.2.1/ld) supports shared libraries
configure:10070: result: yes
configure:10310: checking dynamic linker characteristics
configure:11043: result: darwin12.3.0 dyld
configure:11150: checking how to hardcode library paths into programs
configure:11175: result: immediate
configure:11715: checking whether stripping libraries is possible
configure:11729: result: yes
configure:11755: checking if libtool supports shared libraries
configure:11757: result: yes
configure:11760: checking whether to build shared libraries
configure:11781: result: yes
configure:11784: checking whether to build static libraries
configure:11788: result: no
configure:11875: checking for gcc
configure:11902: result: gcc
configure:12131: checking for C compiler version
configure:12140: gcc --version >&5
i686-apple-darwin11-llvm-gcc-4.2 (GCC) 4.2.1 (Based on Apple Inc. build 5658) (LLVM build 2336.11.00)
Copyright (C) 2007 Free Software Foundation, Inc.
This is free software; see the source for copying conditions.  There is NO
warranty; not even for MERCHANTABILITY or FITNESS FOR A PARTICULAR PURPOSE.

configure:12151: $? = 0
configure:12140: gcc -v >&5
Using built-in specs.
Target: i686-apple-darwin11
Configured with: /private/var/tmp/llvmgcc42/llvmgcc42-2336.11~182/src/configure --disable-checking --enable-werror --prefix=/Applications/Xcode.app/Contents/Developer/usr/llvm-gcc-4.2 --mandir=/share/man --enable-languages=c,objc,c++,obj-c++ --program-prefix=llvm- --program-transform-name=/^[cg][^.-]*$/s/$/-4.2/ --with-slibdir=/usr/lib --build=i686-apple-darwin11 --enable-llvm=/private/var/tmp/llvmgcc42/llvmgcc42-2336.11~182/dst-llvmCore/Developer/usr/local --program-prefix=i686-apple-darwin11- --host=x86_64-apple-darwin11 --target=i686-apple-darwin11 --with-gxx-include-dir=/usr/include/c++/4.2.1
Thread model: posix
gcc version 4.2.1 (Based on Apple Inc. build 5658) (LLVM build 2336.11.00)
configure:12151: $? = 0
configure:12140: gcc -V >&5
llvm-gcc-4.2: argument to `-V' is missing
configure:12151: $? = 1
configure:12140: gcc -qversion >&5
i686-apple-darwin11-llvm-gcc-4.2: no input files
configure:12151: $? = 1
configure:12155: checking whether we are using the GNU C compiler
configure:12183: result: yes
configure:12192: checking whether gcc accepts -g
configure:12253: result: yes
configure:12270: checking for gcc option to accept ISO C89
configure:12346: result: none needed
configure:12368: checking dependency style of gcc
configure:12479: result: gcc3
configure:12495: checking whether gcc and cc understand -c and -o together
configure:12526: gcc -c conftest.c -o conftest2.o >&5
configure:12530: $? = 0
configure:12536: gcc -c conftest.c -o conftest2.o >&5
configure:12540: $? = 0
configure:12551: cc -c conftest.c >&5
configure:12555: $? = 0
configure:12563: cc -c conftest.c -o conftest2.o >&5
configure:12567: $? = 0
configure:12573: cc -c conftest.c -o conftest2.o >&5
configure:12577: $? = 0
configure:12595: result: yes
configure:12678: checking for g++
configure:12694: found /usr/bin/g++
configure:12705: result: g++
configure:12732: checking for C++ compiler version
configure:12741: g++ --version >&5
i686-apple-darwin11-llvm-g++-4.2 (GCC) 4.2.1 (Based on Apple Inc. build 5658) (LLVM build 2336.11.00)
Copyright (C) 2007 Free Software Foundation, Inc.
This is free software; see the source for copying conditions.  There is NO
warranty; not even for MERCHANTABILITY or FITNESS FOR A PARTICULAR PURPOSE.

configure:12752: $? = 0
configure:12741: g++ -v >&5
Using built-in specs.
Target: i686-apple-darwin11
Configured with: /private/var/tmp/llvmgcc42/llvmgcc42-2336.11~182/src/configure --disable-checking --enable-werror --prefix=/Applications/Xcode.app/Contents/Developer/usr/llvm-gcc-4.2 --mandir=/share/man --enable-languages=c,objc,c++,obj-c++ --program-prefix=llvm- --program-transform-name=/^[cg][^.-]*$/s/$/-4.2/ --with-slibdir=/usr/lib --build=i686-apple-darwin11 --enable-llvm=/private/var/tmp/llvmgcc42/llvmgcc42-2336.11~182/dst-llvmCore/Developer/usr/local --program-prefix=i686-apple-darwin11- --host=x86_64-apple-darwin11 --target=i686-apple-darwin11 --with-gxx-include-dir=/usr/include/c++/4.2.1
Thread model: posix
gcc version 4.2.1 (Based on Apple Inc. build 5658) (LLVM build 2336.11.00)
configure:12752: $? = 0
configure:12741: g++ -V >&5
llvm-g++-4.2: argument to `-V' is missing
configure:12752: $? = 1
configure:12741: g++ -qversion >&5
i686-apple-darwin11-llvm-g++-4.2: no input files
configure:12752: $? = 1
configure:12756: checking whether we are using the GNU C++ compiler
configure:12775: g++ -c   conftest.cpp >&5
configure:12775: $? = 0
configure:12784: result: yes
configure:12793: checking whether g++ accepts -g
configure:12813: g++ -c -g  conftest.cpp >&5
configure:12813: $? = 0
configure:12854: result: yes
configure:12879: checking dependency style of g++
configure:12990: result: gcc3
configure:13023: checking how to run the C++ preprocessor
configure:13050: g++ -E  conftest.cpp
configure:13050: $? = 0
configure:13064: g++ -E  conftest.cpp
conftest.cpp:21:28: error: ac_nonexistent.h: No such file or directory
configure:13064: $? = 1
configure: failed program was:
| /* confdefs.h */
| #define PACKAGE_NAME "HarfBuzz"
| #define PACKAGE_TARNAME "harfbuzz"
| #define PACKAGE_VERSION "0.9.14"
| #define PACKAGE_STRING "HarfBuzz 0.9.14"
| #define PACKAGE_BUGREPORT "http://bugs.freedesktop.org/enter_bug.cgi?product=harfbuzz"
| #define PACKAGE_URL "http://harfbuzz.org/"
| #define STDC_HEADERS 1
| #define HAVE_SYS_TYPES_H 1
| #define HAVE_SYS_STAT_H 1
| #define HAVE_STDLIB_H 1
| #define HAVE_STRING_H 1
| #define HAVE_MEMORY_H 1
| #define HAVE_STRINGS_H 1
| #define HAVE_INTTYPES_H 1
| #define HAVE_STDINT_H 1
| #define HAVE_UNISTD_H 1
| #define HAVE_DLFCN_H 1
| #define LT_OBJDIR ".libs/"
| /* end confdefs.h.  */
| #include <ac_nonexistent.h>
configure:13089: result: g++ -E
configure:13109: g++ -E  conftest.cpp
configure:13109: $? = 0
configure:13123: g++ -E  conftest.cpp
conftest.cpp:21:28: error: ac_nonexistent.h: No such file or directory
configure:13123: $? = 1
configure: failed program was:
| /* confdefs.h */
| #define PACKAGE_NAME "HarfBuzz"
| #define PACKAGE_TARNAME "harfbuzz"
| #define PACKAGE_VERSION "0.9.14"
| #define PACKAGE_STRING "HarfBuzz 0.9.14"
| #define PACKAGE_BUGREPORT "http://bugs.freedesktop.org/enter_bug.cgi?product=harfbuzz"
| #define PACKAGE_URL "http://harfbuzz.org/"
| #define STDC_HEADERS 1
| #define HAVE_SYS_TYPES_H 1
| #define HAVE_SYS_STAT_H 1
| #define HAVE_STDLIB_H 1
| #define HAVE_STRING_H 1
| #define HAVE_MEMORY_H 1
| #define HAVE_STRINGS_H 1
| #define HAVE_INTTYPES_H 1
| #define HAVE_STDINT_H 1
| #define HAVE_UNISTD_H 1
| #define HAVE_DLFCN_H 1
| #define LT_OBJDIR ".libs/"
| /* end confdefs.h.  */
| #include <ac_nonexistent.h>
configure:13292: checking for ld used by g++
configure:13359: result: /usr/llvm-gcc-4.2/libexec/gcc/i686-apple-darwin11/4.2.1/ld
configure:13366: checking if the linker (/usr/llvm-gcc-4.2/libexec/gcc/i686-apple-darwin11/4.2.1/ld) is GNU ld
configure:13381: result: no
configure:13436: checking whether the g++ linker (/usr/llvm-gcc-4.2/libexec/gcc/i686-apple-darwin11/4.2.1/ld) supports shared libraries
configure:14441: result: yes
configure:14477: g++ -c -g -O2  conftest.cpp >&5
configure:14480: $? = 0
configure:15000: checking for g++ option to produce PIC
configure:15007: result: -fno-common -DPIC
configure:15015: checking if g++ PIC flag -fno-common -DPIC works
configure:15033: g++ -c -g -O2  -fno-common -DPIC -DPIC conftest.cpp >&5
configure:15037: $? = 0
configure:15050: result: yes
configure:15073: checking if g++ static flag -static works
configure:15101: result: no
configure:15113: checking if g++ supports -c -o file.o
configure:15134: g++ -c -g -O2  -o out/conftest2.o conftest.cpp >&5
configure:15138: $? = 0
configure:15160: result: yes
configure:15165: checking if g++ supports -c -o file.o
configure:15212: result: yes
configure:15242: checking whether the g++ linker (/usr/llvm-gcc-4.2/libexec/gcc/i686-apple-darwin11/4.2.1/ld) supports shared libraries
configure:15278: result: yes
configure:15419: checking dynamic linker characteristics
configure:16086: result: darwin12.3.0 dyld
configure:16139: checking how to hardcode library paths into programs
configure:16164: result: immediate
configure:16253: checking for pkg-config
configure:16271: found /usr/local/bin/pkg-config
configure:16283: result: /usr/local/bin/pkg-config
configure:16308: checking pkg-config is at least version 0.20
configure:16311: result: yes
configure:16348: checking for atexit
configure:16348: gcc -o conftest -g -O2   conftest.c  >&5
configure:16348: $? = 0
configure:16348: result: yes
configure:16348: checking for mprotect
configure:16348: gcc -o conftest -g -O2   conftest.c  >&5
configure:16348: $? = 0
configure:16348: result: yes
configure:16348: checking for sysconf
configure:16348: gcc -o conftest -g -O2   conftest.c  >&5
configure:16348: $? = 0
configure:16348: result: yes
configure:16348: checking for getpagesize
configure:16348: gcc -o conftest -g -O2   conftest.c  >&5
configure:16348: $? = 0
configure:16348: result: yes
configure:16348: checking for mmap
configure:16348: gcc -o conftest -g -O2   conftest.c  >&5
configure:16348: $? = 0
configure:16348: result: yes
configure:16348: checking for isatty
configure:16348: gcc -o conftest -g -O2   conftest.c  >&5
configure:16348: $? = 0
configure:16348: result: yes
configure:16360: checking for unistd.h
configure:16360: result: yes
configure:16360: checking sys/mman.h usability
configure:16360: gcc -c -g -O2  conftest.c >&5
configure:16360: $? = 0
configure:16360: result: yes
configure:16360: checking sys/mman.h presence
configure:16360: gcc -E  conftest.c
configure:16360: $? = 0
configure:16360: result: yes
configure:16360: checking for sys/mman.h
configure:16360: result: yes
configure:16411: checking for native Win32
configure:16418: result: no
configure:16549: checking whether pthreads work with -pthread
configure:16637: gcc -o conftest -g -O2 -pthread   -Bsymbolic-functions conftest.c   >&5
configure:16637: $? = 0
configure:16646: result: yes
configure:16665: checking for joinable pthread attribute
configure:16680: gcc -o conftest -g -O2 -pthread   -Bsymbolic-functions conftest.c   >&5
configure:16680: $? = 0
configure:16686: result: PTHREAD_CREATE_JOINABLE
configure:16696: checking if more special flags are required for pthreads
configure:16710: result: -D_THREAD_SAFE
configure:16716: checking for PTHREAD_PRIO_INHERIT
configure:16734: gcc -o conftest -g -O2 -pthread   -Bsymbolic-functions conftest.c   >&5
configure:16734: $? = 0
configure:16743: result: yes
configure:16891: checking for GLIB
configure:16899: $PKG_CONFIG --exists --print-errors "glib-2.0 >= 2.16"
configure:16902: $? = 0
configure:16917: $PKG_CONFIG --exists --print-errors "glib-2.0 >= 2.16"
configure:16920: $? = 0
configure:16956: result: yes
configure:16976: checking for GOBJECT
configure:16984: $PKG_CONFIG --exists --print-errors "gobject-2.0 glib-2.0 >= 2.16"
configure:16987: $? = 0
configure:17002: $PKG_CONFIG --exists --print-errors "gobject-2.0 glib-2.0 >= 2.16"
configure:17005: $? = 0
configure:17041: result: yes
configure:17064: checking for CAIRO
configure:17072: $PKG_CONFIG --exists --print-errors "cairo >= 1.8.0"
Package fontconfig was not found in the pkg-config search path.
Perhaps you should add the directory containing `fontconfig.pc'
to the PKG_CONFIG_PATH environment variable
Package 'fontconfig', required by 'cairo', not found
configure:17075: $? = 1
configure:17090: $PKG_CONFIG --exists --print-errors "cairo >= 1.8.0"
Package fontconfig was not found in the pkg-config search path.
Perhaps you should add the directory containing `fontconfig.pc'
to the PKG_CONFIG_PATH environment variable
Package 'fontconfig', required by 'cairo', not found
configure:17093: $? = 1
Package 'fontconfig', required by 'cairo', not found
configure:17121: result: no
configure:17149: checking for CAIRO_FT
configure:17157: $PKG_CONFIG --exists --print-errors "cairo-ft"
Package fontconfig was not found in the pkg-config search path.
Perhaps you should add the directory containing `fontconfig.pc'
to the PKG_CONFIG_PATH environment variable
Package 'fontconfig', required by 'cairo', not found
configure:17160: $? = 1
configure:17175: $PKG_CONFIG --exists --print-errors "cairo-ft"
Package fontconfig was not found in the pkg-config search path.
Perhaps you should add the directory containing `fontconfig.pc'
to the PKG_CONFIG_PATH environment variable
Package 'fontconfig', required by 'cairo', not found
configure:17178: $? = 1
Package 'fontconfig', required by 'cairo', not found
configure:17206: result: no
configure:17235: checking for ICU
configure:17243: $PKG_CONFIG --exists --print-errors "icu-uc"
Package icu-uc was not found in the pkg-config search path.
Perhaps you should add the directory containing `icu-uc.pc'
to the PKG_CONFIG_PATH environment variable
No package 'icu-uc' found
configure:17246: $? = 1
configure:17261: $PKG_CONFIG --exists --print-errors "icu-uc"
Package icu-uc was not found in the pkg-config search path.
Perhaps you should add the directory containing `icu-uc.pc'
to the PKG_CONFIG_PATH environment variable
No package 'icu-uc' found
configure:17264: $? = 1
No package 'icu-uc' found
configure:17292: result: no
configure:17348: checking for icu-config
configure:17378: result: no
configure:17397: checking for ICU by using icu-config fallback
configure:17411: result: no
configure:17434: checking for ICU_LE
configure:17442: $PKG_CONFIG --exists --print-errors "icu-le icu-uc"
Package icu-le was not found in the pkg-config search path.
Perhaps you should add the directory containing `icu-le.pc'
to the PKG_CONFIG_PATH environment variable
No package 'icu-le' found
Package icu-uc was not found in the pkg-config search path.
Perhaps you should add the directory containing `icu-uc.pc'
to the PKG_CONFIG_PATH environment variable
No package 'icu-uc' found
configure:17445: $? = 1
configure:17460: $PKG_CONFIG --exists --print-errors "icu-le icu-uc"
Package icu-le was not found in the pkg-config search path.
Perhaps you should add the directory containing `icu-le.pc'
to the PKG_CONFIG_PATH environment variable
No package 'icu-le' found
Package icu-uc was not found in the pkg-config search path.
Perhaps you should add the directory containing `icu-uc.pc'
to the PKG_CONFIG_PATH environment variable
No package 'icu-uc' found
configure:17463: $? = 1
No package 'icu-le' found
No package 'icu-uc' found
configure:17491: result: no
configure:17547: checking for icu-config
configure:17574: result: no
configure:17596: checking for ICU_LE by using icu-config fallback
configure:17610: result: no
configure:17631: checking for GRAPHITE2
configure:17639: $PKG_CONFIG --exists --print-errors "graphite2"
Package graphite2 was not found in the pkg-config search path.
Perhaps you should add the directory containing `graphite2.pc'
to the PKG_CONFIG_PATH environment variable
No package 'graphite2' found
configure:17642: $? = 1
configure:17657: $PKG_CONFIG --exists --print-errors "graphite2"
Package graphite2 was not found in the pkg-config search path.
Perhaps you should add the directory containing `graphite2.pc'
to the PKG_CONFIG_PATH environment variable
No package 'graphite2' found
configure:17660: $? = 1
No package 'graphite2' found
configure:17688: result: no
configure:17717: checking for FREETYPE
configure:17725: $PKG_CONFIG --exists --print-errors "freetype2 >= 2.3.8"
Package freetype2 was not found in the pkg-config search path.
Perhaps you should add the directory containing `freetype2.pc'
to the PKG_CONFIG_PATH environment variable
No package 'freetype2' found
configure:17728: $? = 1
configure:17743: $PKG_CONFIG --exists --print-errors "freetype2 >= 2.3.8"
Package freetype2 was not found in the pkg-config search path.
Perhaps you should add the directory containing `freetype2.pc'
to the PKG_CONFIG_PATH environment variable
No package 'freetype2' found
configure:17746: $? = 1
No package 'freetype2' found
configure:17774: result: no
configure:17818: checking for ScriptShapeOpenType in usp10
configure:17837: gcc -o conftest -g -O2   -Bsymbolic-functions conftest.c  -lusp10 -lgdi32 >&5
conftest.c:38:23: error: windows.h: No such file or directory
conftest.c:39:21: error: usp10.h: No such file or directory
conftest.c: In function 'main':
conftest.c:44: error: 'ScriptShapeOpenType' undeclared (first use in this function)
conftest.c:44: error: (Each undeclared identifier is reported only once
conftest.c:44: error: for each function it appears in.)
configure:17837: $? = 1
configure: failed program was:
| /* confdefs.h */
| #define PACKAGE_NAME "HarfBuzz"
| #define PACKAGE_TARNAME "harfbuzz"
| #define PACKAGE_VERSION "0.9.14"
| #define PACKAGE_STRING "HarfBuzz 0.9.14"
| #define PACKAGE_BUGREPORT "http://bugs.freedesktop.org/enter_bug.cgi?product=harfbuzz"
| #define PACKAGE_URL "http://harfbuzz.org/"
| #define STDC_HEADERS 1
| #define HAVE_SYS_TYPES_H 1
| #define HAVE_SYS_STAT_H 1
| #define HAVE_STDLIB_H 1
| #define HAVE_STRING_H 1
| #define HAVE_MEMORY_H 1
| #define HAVE_STRINGS_H 1
| #define HAVE_INTTYPES_H 1
| #define HAVE_STDINT_H 1
| #define HAVE_UNISTD_H 1
| #define HAVE_DLFCN_H 1
| #define LT_OBJDIR ".libs/"
| #define HAVE_ATEXIT 1
| #define HAVE_MPROTECT 1
| #define HAVE_SYSCONF 1
| #define HAVE_GETPAGESIZE 1
| #define HAVE_MMAP 1
| #define HAVE_ISATTY 1
| #define HAVE_UNISTD_H 1
| #define HAVE_SYS_MMAN_H 1
| #define HAVE_PTHREAD_PRIO_INHERIT 1
| #define HAVE_PTHREAD 1
| #define HAVE_OT 1
| #define HAVE_HB_OLD 1
| #define HAVE_UCDN 1
| #define HAVE_GLIB 1
| #define HAVE_GOBJECT 1
| /* end confdefs.h.  */
| 
| 	 #define _WIN32_WINNT 0x0600
| 	 #include <windows.h>
| 	 #include <usp10.h>
| 
| int
| main ()
| {
| ScriptShapeOpenType
|   ;
|   return 0;
| }
configure:17841: result: no
configure:17866: checking for CTFontRef
configure:17866: gcc -c -g -O2  conftest.c >&5
configure:17866: $? = 0
configure:17866: gcc -c -g -O2  conftest.c >&5
conftest.c: In function 'main':
conftest.c:41: error: expected expression before ')' token
configure:17866: $? = 1
configure: failed program was:
| /* confdefs.h */
| #define PACKAGE_NAME "HarfBuzz"
| #define PACKAGE_TARNAME "harfbuzz"
| #define PACKAGE_VERSION "0.9.14"
| #define PACKAGE_STRING "HarfBuzz 0.9.14"
| #define PACKAGE_BUGREPORT "http://bugs.freedesktop.org/enter_bug.cgi?product=harfbuzz"
| #define PACKAGE_URL "http://harfbuzz.org/"
| #define STDC_HEADERS 1
| #define HAVE_SYS_TYPES_H 1
| #define HAVE_SYS_STAT_H 1
| #define HAVE_STDLIB_H 1
| #define HAVE_STRING_H 1
| #define HAVE_MEMORY_H 1
| #define HAVE_STRINGS_H 1
| #define HAVE_INTTYPES_H 1
| #define HAVE_STDINT_H 1
| #define HAVE_UNISTD_H 1
| #define HAVE_DLFCN_H 1
| #define LT_OBJDIR ".libs/"
| #define HAVE_ATEXIT 1
| #define HAVE_MPROTECT 1
| #define HAVE_SYSCONF 1
| #define HAVE_GETPAGESIZE 1
| #define HAVE_MMAP 1
| #define HAVE_ISATTY 1
| #define HAVE_UNISTD_H 1
| #define HAVE_SYS_MMAN_H 1
| #define HAVE_PTHREAD_PRIO_INHERIT 1
| #define HAVE_PTHREAD 1
| #define HAVE_OT 1
| #define HAVE_HB_OLD 1
| #define HAVE_UCDN 1
| #define HAVE_GLIB 1
| #define HAVE_GOBJECT 1
| /* end confdefs.h.  */
| #include <ApplicationServices/ApplicationServices.h>
| 
| int
| main ()
| {
| if (sizeof ((CTFontRef)))
| 	    return 0;
|   ;
|   return 0;
| }
configure:17866: result: yes
configure:17893: checking for Intel atomic primitives
configure:17916: gcc -o conftest -g -O2   -Bsymbolic-functions conftest.c  >&5
configure:17916: $? = 0
configure:17924: result: true
configure:17933: checking for Solaris atomic operations
configure:17958: gcc -o conftest -g -O2   -Bsymbolic-functions conftest.c  >&5
conftest.c:39:22: error: atomic.h: No such file or directory
conftest.c:41:24: error: mbarrier.h: No such file or directory
conftest.c: In function 'atomic_ptr_cmpxchg':
conftest.c:44: warning: return makes pointer from integer without a cast
configure:17958: $? = 1
configure: failed program was:
| /* confdefs.h */
| #define PACKAGE_NAME "HarfBuzz"
| #define PACKAGE_TARNAME "harfbuzz"
| #define PACKAGE_VERSION "0.9.14"
| #define PACKAGE_STRING "HarfBuzz 0.9.14"
| #define PACKAGE_BUGREPORT "http://bugs.freedesktop.org/enter_bug.cgi?product=harfbuzz"
| #define PACKAGE_URL "http://harfbuzz.org/"
| #define STDC_HEADERS 1
| #define HAVE_SYS_TYPES_H 1
| #define HAVE_SYS_STAT_H 1
| #define HAVE_STDLIB_H 1
| #define HAVE_STRING_H 1
| #define HAVE_MEMORY_H 1
| #define HAVE_STRINGS_H 1
| #define HAVE_INTTYPES_H 1
| #define HAVE_STDINT_H 1
| #define HAVE_UNISTD_H 1
| #define HAVE_DLFCN_H 1
| #define LT_OBJDIR ".libs/"
| #define HAVE_ATEXIT 1
| #define HAVE_MPROTECT 1
| #define HAVE_SYSCONF 1
| #define HAVE_GETPAGESIZE 1
| #define HAVE_MMAP 1
| #define HAVE_ISATTY 1
| #define HAVE_UNISTD_H 1
| #define HAVE_SYS_MMAN_H 1
| #define HAVE_PTHREAD_PRIO_INHERIT 1
| #define HAVE_PTHREAD 1
| #define HAVE_OT 1
| #define HAVE_HB_OLD 1
| #define HAVE_UCDN 1
| #define HAVE_GLIB 1
| #define HAVE_GOBJECT 1
| #define HAVE_CORETEXT 1
| #define HAVE_INTEL_ATOMIC_PRIMITIVES 1
| /* end confdefs.h.  */
| 
| 		#include <atomic.h>
| 		/* This requires Solaris Studio 12.2 or newer: */
| 		#include <mbarrier.h>
| 		void memory_barrier (void) { __machine_rw_barrier (); }
| 		int atomic_add (volatile unsigned *i) { return atomic_add_int_nv (i, 1); }
| 		void *atomic_ptr_cmpxchg (volatile void **target, void *cmp, void *newval) { return atomic_cas_ptr (target, cmp, newval); }
| 
| int
| main ()
| {
| 
|   ;
|   return 0;
| }
configure:17966: result: false
configure:18160: checking that generated files are newer than configure
configure:18166: result: done
configure:18261: creating ./config.status

## ---------------------- ##
## Running config.status. ##
## ---------------------- ##

This file was extended by HarfBuzz config.status 0.9.14, which was
generated by GNU Autoconf 2.69.  Invocation command line was

  CONFIG_FILES    = 
  CONFIG_HEADERS  = 
  CONFIG_LINKS    = 
  CONFIG_COMMANDS = 
  $ ./config.status 

on gowrishg-2.local

config.status:1230: creating Makefile
config.status:1230: creating harfbuzz.pc
config.status:1230: creating src/Makefile
config.status:1230: creating src/hb-version.h
config.status:1230: creating src/hb-icu-le/Makefile
config.status:1230: creating src/hb-old/Makefile
config.status:1230: creating src/hb-ucdn/Makefile
config.status:1230: creating util/Makefile
config.status:1230: creating test/Makefile
config.status:1230: creating test/api/Makefile
config.status:1230: creating test/shaping/Makefile
config.status:1230: creating config.h
config.status:1411: config.h is unchanged
config.status:1459: executing depfiles commands
config.status:1459: executing libtool commands
configure:20785:

Build configuration:

Unicode callbacks (you want at least one):
	Glib:			true
	ICU:			false
	UCDN:			true

Font callbacks (the more the better):
	FreeType:		false

Tools used for command-line utilities:
	Cairo:			false

Additional shapers (the more the better):
	Graphite2:		false

Test / platform shapers (not normally needed):
	CoreText:		true
	ICU Layout Engine:	false
	Old HarfBuzz:		true
	Uniscribe:		false


## ---------------- ##
## Cache variables. ##
## ---------------- ##

ac_cv_build=x86_64-apple-darwin12.3.0
ac_cv_c_compiler_gnu=yes
ac_cv_cxx_compiler_gnu=yes
ac_cv_env_CAIRO_CFLAGS_set=
ac_cv_env_CAIRO_CFLAGS_value=
ac_cv_env_CAIRO_FT_CFLAGS_set=
ac_cv_env_CAIRO_FT_CFLAGS_value=
ac_cv_env_CAIRO_FT_LIBS_set=
ac_cv_env_CAIRO_FT_LIBS_value=
ac_cv_env_CAIRO_LIBS_set=
ac_cv_env_CAIRO_LIBS_value=
ac_cv_env_CCC_set=
ac_cv_env_CCC_value=
ac_cv_env_CC_set=
ac_cv_env_CC_value=
ac_cv_env_CFLAGS_set=
ac_cv_env_CFLAGS_value=
ac_cv_env_CPPFLAGS_set=
ac_cv_env_CPPFLAGS_value=
ac_cv_env_CPP_set=
ac_cv_env_CPP_value=
ac_cv_env_CXXCPP_set=
ac_cv_env_CXXCPP_value=
ac_cv_env_CXXFLAGS_set=
ac_cv_env_CXXFLAGS_value=
ac_cv_env_CXX_set=
ac_cv_env_CXX_value=
ac_cv_env_FREETYPE_CFLAGS_set=
ac_cv_env_FREETYPE_CFLAGS_value=
ac_cv_env_FREETYPE_LIBS_set=
ac_cv_env_FREETYPE_LIBS_value=
ac_cv_env_GLIB_CFLAGS_set=
ac_cv_env_GLIB_CFLAGS_value=
ac_cv_env_GLIB_LIBS_set=
ac_cv_env_GLIB_LIBS_value=
ac_cv_env_GOBJECT_CFLAGS_set=
ac_cv_env_GOBJECT_CFLAGS_value=
ac_cv_env_GOBJECT_LIBS_set=
ac_cv_env_GOBJECT_LIBS_value=
ac_cv_env_GRAPHITE2_CFLAGS_set=
ac_cv_env_GRAPHITE2_CFLAGS_value=
ac_cv_env_GRAPHITE2_LIBS_set=
ac_cv_env_GRAPHITE2_LIBS_value=
ac_cv_env_ICU_CFLAGS_set=
ac_cv_env_ICU_CFLAGS_value=
ac_cv_env_ICU_LE_CFLAGS_set=
ac_cv_env_ICU_LE_CFLAGS_value=
ac_cv_env_ICU_LE_LIBS_set=
ac_cv_env_ICU_LE_LIBS_value=
ac_cv_env_ICU_LIBS_set=
ac_cv_env_ICU_LIBS_value=
ac_cv_env_LDFLAGS_set=
ac_cv_env_LDFLAGS_value=
ac_cv_env_LIBS_set=
ac_cv_env_LIBS_value=
ac_cv_env_PKG_CONFIG_set=
ac_cv_env_PKG_CONFIG_value=
ac_cv_env_build_alias_set=
ac_cv_env_build_alias_value=
ac_cv_env_host_alias_set=
ac_cv_env_host_alias_value=
ac_cv_env_target_alias_set=
ac_cv_env_target_alias_value=
ac_cv_func_atexit=yes
ac_cv_func_getpagesize=yes
ac_cv_func_isatty=yes
ac_cv_func_mmap=yes
ac_cv_func_mprotect=yes
ac_cv_func_sysconf=yes
ac_cv_header_dlfcn_h=yes
ac_cv_header_inttypes_h=yes
ac_cv_header_memory_h=yes
ac_cv_header_stdc=yes
ac_cv_header_stdint_h=yes
ac_cv_header_stdlib_h=yes
ac_cv_header_string_h=yes
ac_cv_header_strings_h=yes
ac_cv_header_sys_mman_h=yes
ac_cv_header_sys_stat_h=yes
ac_cv_header_sys_types_h=yes
ac_cv_header_unistd_h=yes
ac_cv_host=x86_64-apple-darwin12.3.0
ac_cv_objext=o
ac_cv_path_EGREP='/usr/bin/grep -E'
ac_cv_path_FGREP='/usr/bin/grep -F'
ac_cv_path_GREP=/usr/bin/grep
ac_cv_path_SED=/usr/bin/sed
ac_cv_path_ac_pt_PKG_CONFIG=/usr/local/bin/pkg-config
ac_cv_path_install='/usr/bin/install -c'
ac_cv_prog_AWK=awk
ac_cv_prog_CPP='gcc -E'
ac_cv_prog_CXXCPP='g++ -E'
ac_cv_prog_ac_ct_AR=ar
ac_cv_prog_ac_ct_CC=gcc
ac_cv_prog_ac_ct_CXX=g++
ac_cv_prog_ac_ct_DSYMUTIL=dsymutil
ac_cv_prog_ac_ct_ICU_CONFIG=no
ac_cv_prog_ac_ct_LIPO=lipo
ac_cv_prog_ac_ct_NMEDIT=nmedit
ac_cv_prog_ac_ct_OTOOL=otool
ac_cv_prog_ac_ct_RANLIB=ranlib
ac_cv_prog_ac_ct_STRIP=strip
ac_cv_prog_cc_c89=
ac_cv_prog_cc_g=yes
ac_cv_prog_cc_gcc_c_o=yes
ac_cv_prog_cxx_g=yes
ac_cv_prog_make_make_set=yes
ac_cv_type_CTFontRef=yes
am_cv_CC_dependencies_compiler_type=gcc3
am_cv_CXX_dependencies_compiler_type=gcc3
am_cv_ar_interface=ar
am_cv_make_support_nested_variables=yes
ax_cv_PTHREAD_PRIO_INHERIT=yes
hb_cv_have_intel_atomic_primitives=true
hb_cv_have_solaris_atomic_ops=false
lt_cv_apple_cc_single_mod=yes
lt_cv_ar_at_file=no
lt_cv_deplibs_check_method=pass_all
lt_cv_file_magic_cmd='$MAGIC_CMD'
lt_cv_file_magic_test_file=
lt_cv_ld_exported_symbols_list=yes
lt_cv_ld_force_load=yes
lt_cv_ld_reload_flag=-r
lt_cv_nm_interface='BSD nm'
lt_cv_objdir=.libs
lt_cv_path_LD=/usr/llvm-gcc-4.2/libexec/gcc/i686-apple-darwin11/4.2.1/ld
lt_cv_path_LDCXX=/usr/llvm-gcc-4.2/libexec/gcc/i686-apple-darwin11/4.2.1/ld
lt_cv_path_NM=/usr/bin/nm
lt_cv_path_mainfest_tool=no
lt_cv_prog_compiler_c_o=yes
lt_cv_prog_compiler_c_o_CXX=yes
lt_cv_prog_compiler_pic='-fno-common -DPIC'
lt_cv_prog_compiler_pic_CXX='-fno-common -DPIC'
lt_cv_prog_compiler_pic_works=yes
lt_cv_prog_compiler_pic_works_CXX=yes
lt_cv_prog_compiler_rtti_exceptions=no
lt_cv_prog_compiler_static_works=no
lt_cv_prog_compiler_static_works_CXX=no
lt_cv_prog_gnu_ld=no
lt_cv_prog_gnu_ldcxx=no
lt_cv_sharedlib_from_linklib_cmd='printf %s\n'
lt_cv_sys_global_symbol_pipe='sed -n -e '\''s/^.*[	 ]\([BCDEGRST][BCDEGRST]*\)[	 ][	 ]*_\([_A-Za-z][_A-Za-z0-9]*\)$/\1 _\2 \2/p'\'' | sed '\''/ __gnu_lto/d'\'''
lt_cv_sys_global_symbol_to_c_name_address='sed -n -e '\''s/^: \([^ ]*\)[ ]*$/  {\"\1\", (void *) 0},/p'\'' -e '\''s/^[BCDEGRST]* \([^ ]*\) \([^ ]*\)$/  {"\2", (void *) \&\2},/p'\'''
lt_cv_sys_global_symbol_to_c_name_address_lib_prefix='sed -n -e '\''s/^: \([^ ]*\)[ ]*$/  {\"\1\", (void *) 0},/p'\'' -e '\''s/^[BCDEGRST]* \([^ ]*\) \(lib[^ ]*\)$/  {"\2", (void *) \&\2},/p'\'' -e '\''s/^[BCDEGRST]* \([^ ]*\) \([^ ]*\)$/  {"lib\2", (void *) \&\2},/p'\'''
lt_cv_sys_global_symbol_to_cdecl='sed -n -e '\''s/^T .* \(.*\)$/extern int \1();/p'\'' -e '\''s/^[BCDEGRST]* .* \(.*\)$/extern char \1;/p'\'''
lt_cv_sys_max_cmd_len=196608
lt_cv_to_host_file_cmd=func_convert_file_noop
lt_cv_to_tool_file_cmd=func_convert_file_noop
pkg_cv_GLIB_CFLAGS='-I/usr/local/Cellar/glib/2.34.3/include/glib-2.0 -I/usr/local/Cellar/glib/2.34.3/lib/glib-2.0/include -I/usr/local/Cellar/gettext/0.18.2/include '
pkg_cv_GLIB_LIBS='-L/usr/local/Cellar/glib/2.34.3/lib -L/usr/local/Cellar/gettext/0.18.2/lib -lglib-2.0 -lintl '
pkg_cv_GOBJECT_CFLAGS='-I/usr/local/Cellar/glib/2.34.3/include/glib-2.0 -I/usr/local/Cellar/glib/2.34.3/lib/glib-2.0/include -I/usr/local/Cellar/gettext/0.18.2/include '
pkg_cv_GOBJECT_LIBS='-L/usr/local/Cellar/glib/2.34.3/lib -L/usr/local/Cellar/gettext/0.18.2/lib -lgobject-2.0 -lglib-2.0 -lintl '

## ----------------- ##
## Output variables. ##
## ----------------- ##

ACLOCAL='${SHELL} /Users/gowrishg/Development/thinking/font/indic-text-renderer/jni/harfbuzz-ng/missing aclocal-1.13'
AMDEPBACKSLASH='\'
AMDEP_FALSE='#'
AMDEP_TRUE=''
AMTAR='$${TAR-tar}'
AM_BACKSLASH='\'
AM_DEFAULT_V='$(AM_DEFAULT_VERBOSITY)'
AM_DEFAULT_VERBOSITY='0'
AM_V='$(V)'
AR='ar'
AUTOCONF='${SHELL} /Users/gowrishg/Development/thinking/font/indic-text-renderer/jni/harfbuzz-ng/missing autoconf'
AUTOHEADER='${SHELL} /Users/gowrishg/Development/thinking/font/indic-text-renderer/jni/harfbuzz-ng/missing autoheader'
AUTOMAKE='${SHELL} /Users/gowrishg/Development/thinking/font/indic-text-renderer/jni/harfbuzz-ng/missing automake-1.13'
AWK='awk'
CAIRO_CFLAGS=''
CAIRO_FT_CFLAGS=''
CAIRO_FT_LIBS=''
CAIRO_LIBS=''
CC='gcc'
CCDEPMODE='depmode=gcc3'
CFLAGS='-g -O2'
CORETEXT_CFLAGS=''
CORETEXT_LIBS='-framework ApplicationServices'
CPP='gcc -E'
CPPFLAGS=''
CXX='g++'
CXXCPP='g++ -E'
CXXDEPMODE='depmode=gcc3'
CXXFLAGS='-g -O2 -fno-rtti -fno-exceptions -Wcast-align -fvisibility-inlines-hidden'
CYGPATH_W='echo'
DEFS='-DHAVE_CONFIG_H'
DEPDIR='.deps'
DLLTOOL='false'
DSYMUTIL='dsymutil'
DUMPBIN=''
ECHO_C='\c'
ECHO_N=''
ECHO_T=''
EGREP='/usr/bin/grep -E'
EXEEXT=''
FGREP='/usr/bin/grep -F'
FREETYPE_CFLAGS=''
FREETYPE_LIBS=''
GLIB_CFLAGS='-I/usr/local/Cellar/glib/2.34.3/include/glib-2.0 -I/usr/local/Cellar/glib/2.34.3/lib/glib-2.0/include -I/usr/local/Cellar/gettext/0.18.2/include '
GLIB_LIBS='-L/usr/local/Cellar/glib/2.34.3/lib -L/usr/local/Cellar/gettext/0.18.2/lib -lglib-2.0 -lintl '
GLIB_MKENUMS='glib-mkenums'
GOBJECT_CFLAGS='-I/usr/local/Cellar/glib/2.34.3/include/glib-2.0 -I/usr/local/Cellar/glib/2.34.3/lib/glib-2.0/include -I/usr/local/Cellar/gettext/0.18.2/include '
GOBJECT_LIBS='-L/usr/local/Cellar/glib/2.34.3/lib -L/usr/local/Cellar/gettext/0.18.2/lib -lgobject-2.0 -lglib-2.0 -lintl '
GRAPHITE2_CFLAGS=''
GRAPHITE2_LIBS=''
GREP='/usr/bin/grep'
HAVE_CAIRO_FALSE=''
HAVE_CAIRO_FT_FALSE=''
HAVE_CAIRO_FT_TRUE='#'
HAVE_CAIRO_TRUE='#'
HAVE_CORETEXT_FALSE='#'
HAVE_CORETEXT_TRUE=''
HAVE_FREETYPE_FALSE=''
HAVE_FREETYPE_TRUE='#'
HAVE_GCC_FALSE='#'
HAVE_GCC_TRUE=''
HAVE_GLIB_FALSE='#'
HAVE_GLIB_TRUE=''
HAVE_GOBJECT_FALSE='#'
HAVE_GOBJECT_TRUE=''
HAVE_GRAPHITE2_FALSE=''
HAVE_GRAPHITE2_TRUE='#'
HAVE_HB_OLD_FALSE='#'
HAVE_HB_OLD_TRUE=''
HAVE_ICU_FALSE=''
HAVE_ICU_LE_FALSE=''
HAVE_ICU_LE_TRUE='#'
HAVE_ICU_TRUE='#'
HAVE_OT_FALSE='#'
HAVE_OT_TRUE=''
HAVE_PTHREAD_FALSE='#'
HAVE_PTHREAD_TRUE=''
HAVE_UCDN_FALSE='#'
HAVE_UCDN_TRUE=''
HAVE_UNISCRIBE_FALSE=''
HAVE_UNISCRIBE_TRUE='#'
HB_LIBTOOL_VERSION_INFO='914:0:914'
HB_VERSION='0.9.14'
HB_VERSION_MAJOR='0'
HB_VERSION_MICRO='14'
HB_VERSION_MINOR='9'
ICU_CFLAGS=''
ICU_CONFIG='no'
ICU_LE_CFLAGS=''
ICU_LE_LIBS=''
ICU_LIBS=''
INSTALL_DATA='${INSTALL} -m 644'
INSTALL_PROGRAM='${INSTALL}'
INSTALL_SCRIPT='${INSTALL}'
INSTALL_STRIP_PROGRAM='$(install_sh) -c -s'
LD='/usr/llvm-gcc-4.2/libexec/gcc/i686-apple-darwin11/4.2.1/ld'
LDFLAGS=' -Bsymbolic-functions'
LIBOBJS=''
LIBS=''
LIBTOOL='$(SHELL) $(top_builddir)/libtool'
LIPO='lipo'
LN_S='ln -s'
LTLIBOBJS=''
MAKEINFO='${SHELL} /Users/gowrishg/Development/thinking/font/indic-text-renderer/jni/harfbuzz-ng/missing makeinfo'
MANIFEST_TOOL=':'
MKDIR_P='./install-sh -c -d'
NM='/usr/bin/nm'
NMEDIT='nmedit'
OBJDUMP='false'
OBJEXT='o'
OS_WIN32_FALSE=''
OS_WIN32_TRUE='#'
OTOOL64=':'
OTOOL='otool'
PACKAGE='harfbuzz'
PACKAGE_BUGREPORT='http://bugs.freedesktop.org/enter_bug.cgi?product=harfbuzz'
PACKAGE_NAME='HarfBuzz'
PACKAGE_STRING='HarfBuzz 0.9.14'
PACKAGE_TARNAME='harfbuzz'
PACKAGE_URL='http://harfbuzz.org/'
PACKAGE_VERSION='0.9.14'
PATH_SEPARATOR=':'
PKG_CONFIG='/usr/local/bin/pkg-config'
PTHREAD_CC='gcc'
PTHREAD_CFLAGS='-D_THREAD_SAFE -pthread'
PTHREAD_LIBS=''
RANLIB='ranlib'
SED='/usr/bin/sed'
SET_MAKE=''
SHELL='/bin/sh'
STRIP='strip'
UNISCRIBE_CFLAGS=''
UNISCRIBE_LIBS=''
VERSION='0.9.14'
ac_ct_AR='ar'
ac_ct_CC='gcc'
ac_ct_CXX='g++'
ac_ct_DUMPBIN=''
am__EXEEXT_FALSE=''
am__EXEEXT_TRUE='#'
am__fastdepCC_FALSE='#'
am__fastdepCC_TRUE=''
am__fastdepCXX_FALSE='#'
am__fastdepCXX_TRUE=''
am__include='include'
am__isrc=''
am__leading_dot='.'
am__nodep='_no'
am__quote=''
am__tar='$${TAR-tar} chof - "$$tardir"'
am__untar='$${TAR-tar} xf -'
ax_pthread_config=''
bindir='${exec_prefix}/bin'
build='x86_64-apple-darwin12.3.0'
build_alias=''
build_cpu='x86_64'
build_os='darwin12.3.0'
build_vendor='apple'
datadir='${datarootdir}'
datarootdir='${prefix}/share'
docdir='${datarootdir}/doc/${PACKAGE_TARNAME}'
dvidir='${docdir}'
exec_prefix='${prefix}'
host='x86_64-apple-darwin12.3.0'
host_alias=''
host_cpu='x86_64'
host_os='darwin12.3.0'
host_vendor='apple'
htmldir='${docdir}'
includedir='${prefix}/include'
infodir='${datarootdir}/info'
install_sh='${SHELL} /Users/gowrishg/Development/thinking/font/indic-text-renderer/jni/harfbuzz-ng/install-sh'
libdir='${exec_prefix}/lib'
libexecdir='${exec_prefix}/libexec'
localedir='${datarootdir}/locale'
localstatedir='${prefix}/var'
mandir='${datarootdir}/man'
mkdir_p='$(MKDIR_P)'
oldincludedir='/usr/include'
pdfdir='${docdir}'
prefix='/usr/local'
program_transform_name='s,x,x,'
psdir='${docdir}'
sbindir='${exec_prefix}/sbin'
sharedstatedir='${prefix}/com'
sysconfdir='${prefix}/etc'
target_alias=''

## ----------- ##
## confdefs.h. ##
## ----------- ##

/* confdefs.h */
#define PACKAGE_NAME "HarfBuzz"
#define PACKAGE_TARNAME "harfbuzz"
#define PACKAGE_VERSION "0.9.14"
#define PACKAGE_STRING "HarfBuzz 0.9.14"
#define PACKAGE_BUGREPORT "http://bugs.freedesktop.org/enter_bug.cgi?product=harfbuzz"
#define PACKAGE_URL "http://harfbuzz.org/"
#define STDC_HEADERS 1
#define HAVE_SYS_TYPES_H 1
#define HAVE_SYS_STAT_H 1
#define HAVE_STDLIB_H 1
#define HAVE_STRING_H 1
#define HAVE_MEMORY_H 1
#define HAVE_STRINGS_H 1
#define HAVE_INTTYPES_H 1
#define HAVE_STDINT_H 1
#define HAVE_UNISTD_H 1
#define HAVE_DLFCN_H 1
#define LT_OBJDIR ".libs/"
#define HAVE_ATEXIT 1
#define HAVE_MPROTECT 1
#define HAVE_SYSCONF 1
#define HAVE_GETPAGESIZE 1
#define HAVE_MMAP 1
#define HAVE_ISATTY 1
#define HAVE_UNISTD_H 1
#define HAVE_SYS_MMAN_H 1
#define HAVE_PTHREAD_PRIO_INHERIT 1
#define HAVE_PTHREAD 1
#define HAVE_OT 1
#define HAVE_HB_OLD 1
#define HAVE_UCDN 1
#define HAVE_GLIB 1
#define HAVE_GOBJECT 1
#define HAVE_CORETEXT 1
#define HAVE_INTEL_ATOMIC_PRIMITIVES 1

configure: exit 0
